<?xml version="1.0" encoding="UTF-8"?>
<!-- Generated by org.testng.reporters.JUnitReportReporter -->
<testsuite hostname="Sandeepa-arecl" failures="0" tests="1" name="vtiger_ContactTests.CreateContactWithOrganizationTest" time="46.993" errors="0" timestamp="2023-06-17T13:55:17 IST" skipped="0">
  <testcase classname="vtiger_ContactTests.CreateContactWithOrganizationTest" name="createContactWithOrg" time="46.993"/>
  <system-out/>
</testsuite> <!-- vtiger_ContactTests.CreateContactWithOrganizationTest -->
