<?xml version="1.0" encoding="UTF-8"?>
<!-- Generated by org.testng.reporters.JUnitReportReporter -->
<testsuite hostname="Sandeepa-arecl" failures="0" tests="4" name="vtiger_practice.DataProviderPractice" time="0.020" errors="0" timestamp="2023-05-29T20:12:42 IST" skipped="0">
  <testcase classname="vtiger_practice.DataProviderPractice" name="sampleDataTest" time="0.003"/>
  <system-out/>
  <testcase classname="vtiger_practice.DataProviderPractice" name="sampleDataTest" time="0.014"/>
  <system-out/>
  <testcase classname="vtiger_practice.DataProviderPractice" name="sampleDataTest" time="0.002"/>
  <system-out/>
  <testcase classname="vtiger_practice.DataProviderPractice" name="sampleDataTest" time="0.001"/>
  <system-out/>
</testsuite> <!-- vtiger_practice.DataProviderPractice -->
