<?xml version="1.0" encoding="UTF-8"?>
<!-- Generated by org.testng.reporters.JUnitReportReporter -->
<testsuite hostname="Sandeepa-arecl" failures="0" tests="1" name="vtiger_OrganizationTests.CreateOrgWithIndustryTest" time="29.374" errors="0" timestamp="2023-06-06T19:46:12 IST" skipped="0">
  <testcase classname="vtiger_OrganizationTests.CreateOrgWithIndustryTest" name="createOrgWithIndustry" time="29.374"/>
  <system-out>
    <![CDATA[Click on organization link
Click on create org lookup img 
Organization created with industry]]>
  </system-out>
</testsuite> <!-- vtiger_OrganizationTests.CreateOrgWithIndustryTest -->
